<?xml version="1.0" encoding="UTF-8"?>
<!-- Generated by org.testng.reporters.JUnitXMLReporter -->
<testsuite ignored="0" hostname="MEENAL" failures="0" tests="4" name="MobileAppTests" time="31.807" errors="0" timestamp="2025-11-17T12:06:00 PKT">
  <testcase classname="calculatorTest.CalculatorTestClass_2" name="testAdditionDataDriven" time="4.931"/>
  <testcase classname="calculatorTest.CalculatorTestClass_2" name="testAdditionDataDriven" time="4.478"/>
  <testcase classname="calculatorTest.CalculatorTestClass_2" name="testAdditionDataDriven" time="6.3"/>
  <testcase classname="calculatorTest.CalculatorTestClass_2" name="testAdditionDataDriven" time="4.366"/>
</testsuite> <!-- MobileAppTests -->
