<?xml version="1.0" encoding="UTF-8"?>
<!-- Generated by org.testng.reporters.JUnitXMLReporter -->
<testsuite ignored="0" hostname="MEENAL" failures="1" tests="1" name="All Calculator Tests" time="0.044" errors="0" timestamp="2025-11-13T15:50:19 PKT">
  <testcase classname="calculatorTest.CalculatorTestClass" name="testAddition" time="0.011">
    <failure type="java.lang.NullPointerException" message="Cannot invoke &amp;quot;calculatorPage.CalculatorPageClass.pressClear()&amp;quot; because &amp;quot;this.calc&amp;quot; is null">
      <![CDATA[java.lang.NullPointerException: Cannot invoke "calculatorPage.CalculatorPageClass.pressClear()" because "this.calc" is null
at calculatorTest.CalculatorTestClass.testAddition(CalculatorTestClass.java:23)
at java.base/java.util.ArrayList.forEach(ArrayList.java:1604)
... Removed 25 stack frames]]>
    </failure>
  </testcase> <!-- testAddition -->
</testsuite> <!-- All Calculator Tests -->
