<?xml version="1.0" encoding="UTF-8"?>
<testsuite xmlns:xsi="http://www.w3.org/2001/XMLSchema-instance" xsi:noNamespaceSchemaLocation="https://maven.apache.org/surefire/maven-surefire-plugin/xsd/surefire-test-report-3.0.xsd" version="3.0" name="TestSuite" time="32.27" tests="4" errors="0" skipped="0" failures="0">
  <properties>
[...]
</properties>
  <testcase name="testAdditionDataDriven[2, 3](1)" classname="calculatorTest.CalculatorTestClass_2" time="4.932">
    <system-out><![CDATA[ Appium session created successfully!
 CalculatorPageClass initialized successfully!
Data Driven Addition Test (2 + 3)
]]></system-out>
    <system-err><![CDATA[SLF4J: No SLF4J providers were found.
SLF4J: Defaulting to no-operation (NOP) logger implementation
SLF4J: See https://www.slf4j.org/codes.html#noProviders for further details.
]]></system-err>
  </testcase>
  <testcase name="testAdditionDataDriven[5, 6](2)" classname="calculatorTest.CalculatorTestClass_2" time="4.487">
    <system-out><![CDATA[Data Driven Addition Test (5 + 6)
]]></system-out>
  </testcase>
  <testcase name="testAdditionDataDriven[10, 20](3)" classname="calculatorTest.CalculatorTestClass_2" time="6.287">
    <system-out><![CDATA[Data Driven Addition Test (10 + 20)
]]></system-out>
  </testcase>
  <testcase name="testAdditionDataDriven[7, 8](4)" classname="calculatorTest.CalculatorTestClass_2" time="4.366">
    <system-out><![CDATA[Data Driven Addition Test (7 + 8)
]]></system-out>
  </testcase>
</testsuite>