<?xml version="1.0" encoding="UTF-8"?>
<testng-results ignored="0" total="4" passed="4" failed="0" skipped="0">
  <reporter-output>
  </reporter-output>
  <suite started-at="2025-11-17T12:05:28 PKT" name="AppiumSuite" finished-at="2025-11-17T12:06:00 PKT" duration-ms="31807">
    <groups>
    </groups>
    <test started-at="2025-11-17T12:05:28 PKT" name="MobileAppTests" finished-at="2025-11-17T12:06:00 PKT" duration-ms="31807">
      <class name="calculatorTest.CalculatorTestClass_2">
        <test-method is-config="true" signature="setup()[pri:0, instance:calculatorTest.CalculatorTestClass_2@15ff3e9e]" started-at="2025-11-17T12:05:28 PKT" name="setup" finished-at="2025-11-17T12:05:39 PKT" duration-ms="10898" status="PASS">
          <reporter-output>
          </reporter-output>
        </test-method> <!-- setup -->
        <test-method is-config="true" signature="initPage()[pri:0, instance:calculatorTest.CalculatorTestClass_2@15ff3e9e]" started-at="2025-11-17T12:05:39 PKT" name="initPage" finished-at="2025-11-17T12:05:39 PKT" duration-ms="6" status="PASS">
          <reporter-output>
          </reporter-output>
        </test-method> <!-- initPage -->
        <test-method signature="testAdditionDataDriven(int,int)[pri:1, instance:calculatorTest.CalculatorTestClass_2@15ff3e9e]" started-at="2025-11-17T12:05:39 PKT" name="testAdditionDataDriven" data-provider="additionData" finished-at="2025-11-17T12:05:44 PKT" duration-ms="4931" status="PASS">
          <params>
            <param index="0">
              <value>
                <![CDATA[2]]>
              </value>
            </param>
            <param index="1">
              <value>
                <![CDATA[3]]>
              </value>
            </param>
          </params>
          <reporter-output>
          </reporter-output>
        </test-method> <!-- testAdditionDataDriven -->
        <test-method signature="testAdditionDataDriven(int,int)[pri:1, instance:calculatorTest.CalculatorTestClass_2@15ff3e9e]" started-at="2025-11-17T12:05:44 PKT" name="testAdditionDataDriven" data-provider="additionData" finished-at="2025-11-17T12:05:48 PKT" duration-ms="4478" status="PASS">
          <params>
            <param index="0">
              <value>
                <![CDATA[5]]>
              </value>
            </param>
            <param index="1">
              <value>
                <![CDATA[6]]>
              </value>
            </param>
          </params>
          <reporter-output>
          </reporter-output>
        </test-method> <!-- testAdditionDataDriven -->
        <test-method signature="testAdditionDataDriven(int,int)[pri:1, instance:calculatorTest.CalculatorTestClass_2@15ff3e9e]" started-at="2025-11-17T12:05:48 PKT" name="testAdditionDataDriven" data-provider="additionData" finished-at="2025-11-17T12:05:55 PKT" duration-ms="6300" status="PASS">
          <params>
            <param index="0">
              <value>
                <![CDATA[10]]>
              </value>
            </param>
            <param index="1">
              <value>
                <![CDATA[20]]>
              </value>
            </param>
          </params>
          <reporter-output>
          </reporter-output>
        </test-method> <!-- testAdditionDataDriven -->
        <test-method signature="testAdditionDataDriven(int,int)[pri:1, instance:calculatorTest.CalculatorTestClass_2@15ff3e9e]" started-at="2025-11-17T12:05:55 PKT" name="testAdditionDataDriven" data-provider="additionData" finished-at="2025-11-17T12:05:59 PKT" duration-ms="4366" status="PASS">
          <params>
            <param index="0">
              <value>
                <![CDATA[7]]>
              </value>
            </param>
            <param index="1">
              <value>
                <![CDATA[8]]>
              </value>
            </param>
          </params>
          <reporter-output>
          </reporter-output>
        </test-method> <!-- testAdditionDataDriven -->
        <test-method is-config="true" signature="tearDown()[pri:0, instance:calculatorTest.CalculatorTestClass_2@15ff3e9e]" started-at="2025-11-17T12:05:59 PKT" name="tearDown" finished-at="2025-11-17T12:06:00 PKT" duration-ms="798" status="PASS">
          <reporter-output>
          </reporter-output>
        </test-method> <!-- tearDown -->
      </class> <!-- calculatorTest.CalculatorTestClass_2 -->
    </test> <!-- MobileAppTests -->
  </suite> <!-- AppiumSuite -->
</testng-results>
