<?xml version="1.0" encoding="UTF-8"?>
<!-- Generated by org.testng.reporters.JUnitReportReporter -->
<testsuite hostname="MEENAL" failures="0" tests="4" name="calculatorTest.CalculatorTestClass_2" time="20.075" errors="0" timestamp="2025-11-17T12:06:00 PKT" skipped="0">
  <testcase classname="calculatorTest.CalculatorTestClass_2" name="testAdditionDataDriven" time="4.366"/>
  <testcase classname="calculatorTest.CalculatorTestClass_2" name="testAdditionDataDriven" time="4.478"/>
  <testcase classname="calculatorTest.CalculatorTestClass_2" name="testAdditionDataDriven" time="4.931"/>
  <testcase classname="calculatorTest.CalculatorTestClass_2" name="testAdditionDataDriven" time="6.300"/>
</testsuite> <!-- calculatorTest.CalculatorTestClass_2 -->
